### ISSUE TITLE
Access violations (Half-Life and Counter-Strike 1.6)

### ISSUE THREAD

**Issue by dtugend** [ValveSoftware/halflife#184]
Yesterday I could launch the game without exceptions, however the graphics were messed up:
![image](http://img191.imageshack.us/img191/538/csfuckedup.jpg)

Today:

When I launch the game without debugger from the Steam Library it will crash with the following exception:

<pre>The command in "0x0dff3a89" refer to memory in "0x000000cc". The action "read" could not be executed on the memory. Click okay to exit the program</pre>

![image](http://img5.imageshack.us/img5/4471/csfuckedup2.jpg)
Launch Options are -demoedit -condebug +developer2 -width 800 -height 500 -forceres

When I launch with a Debugger I don't get the above exception, however these will crash:

Upon New Game:

<pre>(23c.844): Access violation - code c0000005 (first chance)
First chance exceptions are reported before any exception handling.
This exception may be expected and handled.
eax=0d356c01 ebx=00000154 ecx=00000000 edx=0012efd8 esi=0d3d86c0 edi=00000038
eip=0d32abd3 esp=0012efc4 ebp=00000001 iopl=0         nv up ei pl nz na po nc
cs=001b  ss=0023  ds=0023  es=0023  fs=003b  gs=0000             efl=00010202
*** ERROR: Symbol file could not be found.  Defaulted to export symbols for c:\programme\steam\steamapps\common\half-life\valve\cl_dlls\GameUI.dll - 
GameUI!CreateInterface+0x46643:
0d32abd3 8b01            mov     eax,dword ptr [ecx]  ds:0023:00000000=????????</pre>

Upon Find Servers:

<pre>(57c.bcc): Access violation - code c0000005 (first chance)
First chance exceptions are reported before any exception handling.
This exception may be expected and handled.
eax=ffffffff ebx=00000001 ecx=0012efa0 edx=1ccaf08c esi=2a060000 edi=2a060138
eip=1cc42fb8 esp=0012ef50 ebp=0012f014 iopl=0         nv up ei pl zr na pe nc
cs=001b  ss=0023  ds=0023  es=0023  fs=003b  gs=0000             efl=00010246
*** ERROR: Symbol file could not be found.  Defaulted to export symbols for c:\programme\steam\steamapps\common\half-life\platform\servers\serverbrowser.dll - 
serverbrowser+0x2fb8:
1cc42fb8 8b4304          mov     eax,dword ptr [ebx+4] ds:0023:00000005=????????</pre>

Upon Options:

<pre>(f70.998): Access violation - code c0000005 (first chance)
First chance exceptions are reported before any exception handling.
This exception may be expected and handled.
eax=00000000 ebx=00000000 ecx=00000000 edx=0d820f00 esi=0ecce92c edi=00000000
eip=0dff3a89 esp=0012fc18 ebp=0012fc2c iopl=0         nv up ei pl nz na pe nc
cs=001b  ss=0023  ds=0023  es=0023  fs=003b  gs=0000             efl=00010206
*** ERROR: Symbol file could not be found.  Defaulted to export symbols for C:\Programme\Steam\steamapps\common\Half-Life\libcef.dll - 
libcef!cef_time_from_doublet+0x7ea959:
Missing image name, possible paged-out or corrupt data.
0dff3a89 8b81cc000000    mov     eax,dword ptr <Unloaded_ud.drv>+0xcb (000000cc)[ecx] ds:0023:000000cc=????????</pre>

Steam System Information

<pre>Processor Information:
    Vendor:  AuthenticAMD
    Speed: 1788 Mhz
    1 logical processor
    1 physical processor
    HyperThreading:  Unsupported
    FCMOV:  Supported
    SSE2:  Unsupported
    SSE3:  Unsupported
    SSSE3:  Unsupported
    SSE4a:  Unsupported
    SSE41:  Unsupported
    SSE42:  Unsupported
    
Network Information:
    Network Speed:  
    
Operating System Version:
    Windows XP (32 bit)
    NTFS:  Supported
    Crypto Provider Codes:  Supported 311 0x0 0x0 0x0
    
Video Card:
    Driver:  RADEON IGP 320M

    DirectX Driver Name:  ati2dvag.dll
    Driver Version:  6.14.10.6436
    DirectX Driver Version:  6.14.10.6436
    Driver Date: 15 May 2004
    Desktop Color Depth: 32 bits per pixel
    Monitor Refresh Rate: 60 Hz
    DirectX Card: RADEON IGP 320M
    VendorID:  0x1002
    DeviceID:  0x4336
    Number of Monitors:  1
    Number of Logical Video Cards:  1
    No SLI or Crossfire Detected
    Primary Display Resolution:  1024 x 768
    Desktop Resolution: 1024 x 768
    Primary Display Size: 12.60" x 9.45"  (15.75" diag)
                                            32.0cm x 24.0cm  (40.0cm diag)
    Primary Bus Type Not Detected
    Primary VRAM: 64 MB
    Supported MSAA Modes Not Detected
    
Sound card:
    Audio device: Conexant AMC Audio
    
Memory:
    RAM:  702 Mb
    
Miscellaneous:
    UI Language:  English
    Microphone:  Not set
    Media Type:  DVD
    Total Hard Disk Space Available:  20481 Mb
    Largest Free Hard Disk Block:  1490 Mb
    OS Install Date: Aug 22 2008
    Game Controller: None detected
    
Installed software:
    7-Zip 9.20
    Adobe AIR
    Adobe Flash Player 11 Plugin
    Adobe Reader X (10.1.5)
    Alien Skin Filter
    Application Verifier
    Aspell English Dictionary-0.50-2
    Aspell German Dictionary-0.50-2
    ATI - Software Uninstall Utility
    ATI Control Panel
    ATI Display Driver
    Audacity 1.2.6
    AviSynth 2.5
    Blender
    Borland Delphi 2005 Personal Edition
    CDex extraction audio
    Cisco Systems VPN Client 5.0.00.0340
    Conexant 56K ACLink Modem
    Conexant AC-Link Audio 
    Corel Painter Essentials 3
    Debugging Tools for Windows (x86)
    EasyChat v3.0.0
    FileZilla Client 3.6.0.2
    GIMP 2.6.4
    GTK+ Runtime 2.14.7 rev a (remove only)
    HijackThis 2.0.2
    Hotfix für Windows XP (KB2158563)
    Hotfix für Windows XP (KB2443685)
    Hotfix für Windows XP (KB2570791)
    Hotfix für Windows XP (KB2633952)
    Hotfix für Windows XP (KB2756822)
    Hotfix für Windows XP (KB2779562)
    Hotfix für Windows XP (KB942288-v3)
    Hotfix für Windows XP (KB952287)
    Hotfix für Windows XP (KB961118)
    Hotfix für Windows XP (KB970653-v3)
    Hotfix für Windows XP (KB976098-v2)
    Hotfix für Windows XP (KB979306)
    Hotfix für Windows XP (KB981793)
    Hotfix for Microsoft .NET Framework 3.5 SP1 (KB953595)
    Hotfix for Microsoft .NET Framework 3.5 SP1 (KB958484)
    Hotfix for Windows XP (KB954550-v5)
    Hotfix for Windows XP (KB958655-v2)
    HP Deskjet 3070 B611 series - Grundlegende Software für das Gerät
    HP Deskjet 3070 B611 series Hilfe
    HP Update
    HydraIRC
    Inkscape 0.47
    Lame ACM MP3 Codec
    Microsoft .NET Framework 2.0 Service Pack 2
    Microsoft .NET Framework 3.0 Service Pack 2
    Microsoft .NET Framework 3.5 SP1
    Microsoft .NET Framework 4 Client Profile
    Microsoft .NET Framework 4 Extended
    Microsoft .NET Framework 4 Multi-Targeting Pack
    Microsoft Application Error Reporting
    Microsoft Help Viewer 1.1
    Microsoft Internationalized Domain Names Mitigation APIs
    Microsoft National Language Support Downlevel APIs
    Microsoft Office 97, Professional Edition
    Microsoft Outlook Web Access S/MIME (2007)
    Microsoft SQL Server 2008 R2 Management Objects
    Microsoft SQL Server Compact 3.5 SP2 ENU
    Microsoft SQL Server System CLR Types
    Microsoft Virtual PC 2007 SP1
    Microsoft Visual C# 2010 Express - ENU
    Microsoft Visual C++ 2005 Redistributable
    Microsoft Visual C++ 2008 Redistributable - x86 9.0.30729
    Microsoft Visual C++ 2008 Redistributable - x86 9.0.30729.17
    Microsoft Visual C++ 2008 Redistributable - x86 9.0.30729.4148
    Microsoft Visual C++ 2008 Redistributable - x86 9.0.30729.4974
    Microsoft Visual C++ 2010  x86 Runtime - 10.0.31118
    Microsoft Visual C++ 2010 Express - ENU
    Microsoft Visual Studio 2010 ADO.NET Entity Framework Tools
    Microsoft Visual Studio 2010 Service Pack 1
    Microsoft Visual Studio 2010 Tools for Office Runtime (x86)
    MiKTeX 2.9
    MoviePack V6
    Mozilla Firefox 18.0.2 (x86 en-GB)
    Mozilla Maintenance Service
    Mozilla Sunbird (0.9)
    Mozilla Thunderbird 17.0.2 (x86 en-GB)
    NETGEAR WG511 54 Mbps Wireless PC Card
    Notepad++
    Nullsoft Install System
    OpenMPT 1.18
    OpenOffice.org 3.1
    Pidgin
    pidgin-otr 3.2.0-1
    POV-Ray for Windows v3.6.1c
    PuTTY version 0.60
    Security Update for Microsoft .NET Framework 3.5 SP1 (KB2604111)
    Security Update for Microsoft .NET Framework 3.5 SP1 (KB2657424)
    Security Update for Microsoft .NET Framework 3.5 SP1 (KB2736416)
    Security Update for Microsoft .NET Framework 4 Client Profile (KB2478663)
    Security Update for Microsoft .NET Framework 4 Client Profile (KB2518870)
    Security Update for Microsoft .NET Framework 4 Client Profile (KB2539636)
    Security Update for Microsoft .NET Framework 4 Client Profile (KB2572078)
    Security Update for Microsoft .NET Framework 4 Client Profile (KB2604121)
    Security Update for Microsoft .NET Framework 4 Client Profile (KB2633870)
    Security Update for Microsoft .NET Framework 4 Client Profile (KB2656351)
    Security Update for Microsoft .NET Framework 4 Client Profile (KB2656368v2)
    Security Update for Microsoft .NET Framework 4 Client Profile (KB2656405)
    Security Update for Microsoft .NET Framework 4 Client Profile (KB2686827)
    Security Update for Microsoft .NET Framework 4 Client Profile (KB2729449)
    Security Update for Microsoft .NET Framework 4 Client Profile (KB2736428)
    Security Update for Microsoft .NET Framework 4 Client Profile (KB2737019)
    Security Update for Microsoft .NET Framework 4 Client Profile (KB2742595)
    Security Update for Microsoft .NET Framework 4 Extended (KB2416472)
    Security Update for Microsoft .NET Framework 4 Extended (KB2487367)
    Security Update for Microsoft .NET Framework 4 Extended (KB2656351)
    Security Update for Microsoft .NET Framework 4 Extended (KB2736428)
    Security Update for Microsoft .NET Framework 4 Extended (KB2742595)
    SequoiaView
    Sicherheitsupdate für Microsoft Windows (KB2564958)
    Sicherheitsupdate für Windows Internet Explorer 7 (KB938127-v2)
    Sicherheitsupdate für Windows Internet Explorer 7 (KB953838)
    Sicherheitsupdate für Windows Internet Explorer 7 (KB956390)
    Sicherheitsupdate für Windows Internet Explorer 7 (KB958215)
    Sicherheitsupdate für Windows Internet Explorer 7 (KB960714)
    Sicherheitsupdate für Windows Internet Explorer 7 (KB961260)
    Sicherheitsupdate für Windows Internet Explorer 7 (KB963027)
    Sicherheitsupdate für Windows Internet Explorer 7 (KB969897)
    Sicherheitsupdate für Windows Internet Explorer 8 (KB2183461)
    Sicherheitsupdate für Windows Internet Explorer 8 (KB2360131)
    Sicherheitsupdate für Windows Internet Explorer 8 (KB2416400)
    Sicherheitsupdate für Windows Internet Explorer 8 (KB2482017)
    Sicherheitsupdate für Windows Internet Explorer 8 (KB2510531)
    Sicherheitsupdate für Windows Internet Explorer 8 (KB2530548)
    Sicherheitsupdate für Windows Internet Explorer 8 (KB2544521)
    Sicherheitsupdate für Windows Internet Explorer 8 (KB2559049)
    Sicherheitsupdate für Windows Internet Explorer 8 (KB2618444)
    Sicherheitsupdate für Windows Internet Explorer 8 (KB2647516)
    Sicherheitsupdate für Windows Internet Explorer 8 (KB2699988)
    Sicherheitsupdate für Windows Internet Explorer 8 (KB2722913)
    Sicherheitsupdate für Windows Internet Explorer 8 (KB2744842)
    Sicherheitsupdate für Windows Internet Explorer 8 (KB2761465)
    Sicherheitsupdate für Windows Internet Explorer 8 (KB2799329)
    Sicherheitsupdate für Windows Internet Explorer 8 (KB969897)
    Sicherheitsupdate für Windows Internet Explorer 8 (KB971961)
    Sicherheitsupdate für Windows Internet Explorer 8 (KB972260)
    Sicherheitsupdate für Windows Internet Explorer 8 (KB974455)
    Sicherheitsupdate für Windows Internet Explorer 8 (KB976325)
    Sicherheitsupdate für Windows Internet Explorer 8 (KB978207)
    Sicherheitsupdate für Windows Internet Explorer 8 (KB981332)
    Sicherheitsupdate für Windows Internet Explorer 8 (KB982381)
    Sicherheitsupdate für Windows Media Player (KB2378111)
    Sicherheitsupdate für Windows Media Player (KB952069)
    Sicherheitsupdate für Windows Media Player (KB954155)
    Sicherheitsupdate für Windows Media Player (KB968816)
    Sicherheitsupdate für Windows Media Player (KB973540)
    Sicherheitsupdate für Windows Media Player (KB975558)
    Sicherheitsupdate für Windows Media Player (KB978695)
    Sicherheitsupdate für Windows Media Player (KB979402)
    Sicherheitsupdate für Windows XP (KB2079403)
    Sicherheitsupdate für Windows XP (KB2115168)
    Sicherheitsupdate für Windows XP (KB2121546)
    Sicherheitsupdate für Windows XP (KB2160329)
    Sicherheitsupdate für Windows XP (KB2229593)
    Sicherheitsupdate für Windows XP (KB2259922)
    Sicherheitsupdate für Windows XP (KB2279986)
    Sicherheitsupdate für Windows XP (KB2286198)
    Sicherheitsupdate für Windows XP (KB2296011)
    Sicherheitsupdate für Windows XP (KB2296199)
    Sicherheitsupdate für Windows XP (KB2347290)
    Sicherheitsupdate für Windows XP (KB2360937)
    Sicherheitsupdate für Windows XP (KB2387149)
    Sicherheitsupdate für Windows XP (KB2393802)
    Sicherheitsupdate für Windows XP (KB2412687)
    Sicherheitsupdate für Windows XP (KB2419632)
    Sicherheitsupdate für Windows XP (KB2423089)
    Sicherheitsupdate für Windows XP (KB2436673)
    Sicherheitsupdate für Windows XP (KB2440591)
    Sicherheitsupdate für Windows XP (KB2443105)
    Sicherheitsupdate für Windows XP (KB2476490)
    Sicherheitsupdate für Windows XP (KB2476687)
    Sicherheitsupdate für Windows XP (KB2478960)
    Sicherheitsupdate für Windows XP (KB2478971)
    Sicherheitsupdate für Windows XP (KB2479628)
    Sicherheitsupdate für Windows XP (KB2479943)
    Sicherheitsupdate für Windows XP (KB2481109)
    Sicherheitsupdate für Windows XP (KB2483185)
    Sicherheitsupdate für Windows XP (KB2485376)
    Sicherheitsupdate für Windows XP (KB2485663)
    Sicherheitsupdate für Windows XP (KB2491683)
    Sicherheitsupdate für Windows XP (KB2503665)
    Sicherheitsupdate für Windows XP (KB2506212)
    Sicherheitsupdate für Windows XP (KB2506223)
    Sicherheitsupdate für Windows XP (KB2507618)
    Sicherheitsupdate für Windows XP (KB2507938)
    Sicherheitsupdate für Windows XP (KB2508272)
    Sicherheitsupdate für Windows XP (KB2508429)
    Sicherheitsupdate für Windows XP (KB2509553)
    Sicherheitsupdate für Windows XP (KB2524375)
    Sicherheitsupdate für Windows XP (KB2535512)
    Sicherheitsupdate für Windows XP (KB2536276)
    Sicherheitsupdate für Windows XP (KB2536276-v2)
    Sicherheitsupdate für Windows XP (KB2544893)
    Sicherheitsupdate für Windows XP (KB2544893-v2)
    Sicherheitsupdate für Windows XP (KB2555917)
    Sicherheitsupdate für Windows XP (KB2562937)
    Sicherheitsupdate für Windows XP (KB2566454)
    Sicherheitsupdate für Windows XP (KB2567680)
    Sicherheitsupdate für Windows XP (KB2570222)
    Sicherheitsupdate für Windows XP (KB2570947)
    Sicherheitsupdate für Windows XP (KB2584146)
    Sicherheitsupdate für Windows XP (KB2585542)
    Sicherheitsupdate für Windows XP (KB2592799)
    Sicherheitsupdate für Windows XP (KB2598479)
    Sicherheitsupdate für Windows XP (KB2603381)
    Sicherheitsupdate für Windows XP (KB2618451)
    Sicherheitsupdate für Windows XP (KB2619339)
    Sicherheitsupdate für Windows XP (KB2620712)
    Sicherheitsupdate für Windows XP (KB2621440)
    Sicherheitsupdate für Windows XP (KB2624667)
    Sicherheitsupdate für Windows XP (KB2631813)
    Sicherheitsupdate für Windows XP (KB2633171)
    Sicherheitsupdate für Windows XP (KB2639417)
    Sicherheitsupdate für Windows XP (KB2641653)
    Sicherheitsupdate für Windows XP (KB2646524)
    Sicherheitsupdate für Windows XP (KB2647518)
    Sicherheitsupdate für Windows XP (KB2653956)
    Sicherheitsupdate für Windows XP (KB2655992)
    Sicherheitsupdate für Windows XP (KB2659262)
    Sicherheitsupdate für Windows XP (KB2661637)
    Sicherheitsupdate für Windows XP (KB2676562)
    Sicherheitsupdate für Windows XP (KB2685939)
    Sicherheitsupdate für Windows XP (KB2686509)
    Sicherheitsupdate für Windows XP (KB2691442)
    Sicherheitsupdate für Windows XP (KB2695962)
    Sicherheitsupdate für Windows XP (KB2698365)
    Sicherheitsupdate für Windows XP (KB2705219)
    Sicherheitsupdate für Windows XP (KB2707511)
    Sicherheitsupdate für Windows XP (KB2712808)
    Sicherheitsupdate für Windows XP (KB2718523)
    Sicherheitsupdate für Windows XP (KB2719985)
    Sicherheitsupdate für Windows XP (KB2723135)
    Sicherheitsupdate für Windows XP (KB2724197)
    Sicherheitsupdate für Windows XP (KB2727528)
    Sicherheitsupdate für Windows XP (KB2731847)
    Sicherheitsupdate für Windows XP (KB2753842-v2)
    Sicherheitsupdate für Windows XP (KB2757638)
    Sicherheitsupdate für Windows XP (KB2758857)
    Sicherheitsupdate für Windows XP (KB2770660)
    Sicherheitsupdate für Windows XP (KB2779030)
    Sicherheitsupdate für Windows XP (KB923561)
    Sicherheitsupdate für Windows XP (KB923789)
    Sicherheitsupdate für Windows XP (KB938464)
    Sicherheitsupdate für Windows XP (KB946648)
    Sicherheitsupdate für Windows XP (KB950762)
    Sicherheitsupdate für Windows XP (KB950974)
    Sicherheitsupdate für Windows XP (KB951066)
    Sicherheitsupdate für Windows XP (KB951376-v2)
    Sicherheitsupdate für Windows XP (KB951698)
    Sicherheitsupdate für Windows XP (KB951748)
    Sicherheitsupdate für Windows XP (KB952004)
    Sicherheitsupdate für Windows XP (KB952954)
    Sicherheitsupdate für Windows XP (KB953838)
    Sicherheitsupdate für Windows XP (KB953839)
    Sicherheitsupdate für Windows XP (KB954211)
    Sicherheitsupdate für Windows XP (KB954459)
    Sicherheitsupdate für Windows XP (KB954600)
    Sicherheitsupdate für Windows XP (KB955069)
    Sicherheitsupdate für Windows XP (KB956391)
    Sicherheitsupdate für Windows XP (KB956572)
    Sicherheitsupdate für Windows XP (KB956744)
    Sicherheitsupdate für Windows XP (KB956802)
    Sicherheitsupdate für Windows XP (KB956803)
    Sicherheitsupdate für Windows XP (KB956841)
    Sicherheitsupdate für Windows XP (KB956844)
    Sicherheitsupdate für Windows XP (KB957095)
    Sicherheitsupdate für Windows XP (KB957097)
    Sicherheitsupdate für Windows XP (KB958644)
    Sicherheitsupdate für Windows XP (KB958687)
    Sicherheitsupdate für Windows XP (KB958690)
    Sicherheitsupdate für Windows XP (KB958869)
    Sicherheitsupdate für Windows XP (KB959426)
    Sicherheitsupdate für Windows XP (KB960225)
    Sicherheitsupdate für Windows XP (KB960715)
    Sicherheitsupdate für Windows XP (KB960803)
    Sicherheitsupdate für Windows XP (KB960859)
    Sicherheitsupdate für Windows XP (KB961371)
    Sicherheitsupdate für Windows XP (KB961373)
    Sicherheitsupdate für Windows XP (KB961501)
    Sicherheitsupdate für Windows XP (KB968537)
    Sicherheitsupdate für Windows XP (KB969059)
    Sicherheitsupdate für Windows XP (KB969898)
    Sicherheitsupdate für Windows XP (KB969947)
    Sicherheitsupdate für Windows XP (KB970238)
    Sicherheitsupdate für Windows XP (KB970430)
    Sicherheitsupdate für Windows XP (KB971468)
    Sicherheitsupdate für Windows XP (KB971486)
    Sicherheitsupdate für Windows XP (KB971557)
    Sicherheitsupdate für Windows XP (KB971633)
    Sicherheitsupdate für Windows XP (KB971657)
    Sicherheitsupdate für Windows XP (KB972270)
    Sicherheitsupdate für Windows XP (KB973346)
    Sicherheitsupdate für Windows XP (KB973354)
    Sicherheitsupdate für Windows XP (KB973507)
    Sicherheitsupdate für Windows XP (KB973525)
    Sicherheitsupdate für Windows XP (KB973869)
    Sicherheitsupdate für Windows XP (KB973904)
    Sicherheitsupdate für Windows XP (KB974112)
    Sicherheitsupdate für Windows XP (KB974318)
    Sicherheitsupdate für Windows XP (KB974392)
    Sicherheitsupdate für Windows XP (KB974571)
    Sicherheitsupdate für Windows XP (KB975025)
    Sicherheitsupdate für Windows XP (KB975467)
    Sicherheitsupdate für Windows XP (KB975560)
    Sicherheitsupdate für Windows XP (KB975561)
    Sicherheitsupdate für Windows XP (KB975562)
    Sicherheitsupdate für Windows XP (KB975713)
    Sicherheitsupdate für Windows XP (KB977165)
    Sicherheitsupdate für Windows XP (KB977816)
    Sicherheitsupdate für Windows XP (KB977914)
    Sicherheitsupdate für Windows XP (KB978037)
    Sicherheitsupdate für Windows XP (KB978251)
    Sicherheitsupdate für Windows XP (KB978262)
    Sicherheitsupdate für Windows XP (KB978338)
    Sicherheitsupdate für Windows XP (KB978542)
    Sicherheitsupdate für Windows XP (KB978601)
    Sicherheitsupdate für Windows XP (KB978706)
    Sicherheitsupdate für Windows XP (KB979309)
    Sicherheitsupdate für Windows XP (KB979482)
    Sicherheitsupdate für Windows XP (KB979559)
    Sicherheitsupdate für Windows XP (KB979683)
    Sicherheitsupdate für Windows XP (KB979687)
    Sicherheitsupdate für Windows XP (KB980195)
    Sicherheitsupdate für Windows XP (KB980218)
    Sicherheitsupdate für Windows XP (KB980232)
    Sicherheitsupdate für Windows XP (KB980436)
    Sicherheitsupdate für Windows XP (KB981322)
    Sicherheitsupdate für Windows XP (KB981852)
    Sicherheitsupdate für Windows XP (KB981957)
    Sicherheitsupdate für Windows XP (KB981997)
    Sicherheitsupdate für Windows XP (KB982132)
    Sicherheitsupdate für Windows XP (KB982214)
    Sicherheitsupdate für Windows XP (KB982665)
    Slik Subversion 1.7.8 (x86)
    SMPlayer 0.6.8
    Spybot - Search & Destroy
    StarUML 5.0.2.1570
    Steam
    Team Fortress Classic
    TeamSpeak 2 RC2
    TeamViewer 7
    TeXnicCenter Version 1.0 Stable RC1
    TightVNC 1.3.10
    Ulead PhotoImpact X3
    Update für Microsoft Windows (KB971513)
    Update für Windows Internet Explorer 8 (KB971930)
    Update für Windows Internet Explorer 8 (KB976662)
    Update für Windows Internet Explorer 8 (KB976749)
    Update für Windows Internet Explorer 8 (KB980182)
    Update für Windows XP (KB2141007)
    Update für Windows XP (KB2345886)
    Update für Windows XP (KB2467659)
    Update für Windows XP (KB2541763)
    Update für Windows XP (KB2616676-v2)
    Update für Windows XP (KB2641690)
    Update für Windows XP (KB2661254-v2)
    Update für Windows XP (KB2718704)
    Update für Windows XP (KB2736233)
    Update für Windows XP (KB2749655)
    Update für Windows XP (KB943729)
    Update für Windows XP (KB951072-v2)
    Update für Windows XP (KB951978)
    Update für Windows XP (KB955759)
    Update für Windows XP (KB955839)
    Update für Windows XP (KB967715)
    Update für Windows XP (KB968389)
    Update für Windows XP (KB971029)
    Update für Windows XP (KB971737)
    Update für Windows XP (KB973687)
    Update für Windows XP (KB973815)
    Update for Microsoft .NET Framework 3.5 SP1 (KB963707)
    Update for Microsoft .NET Framework 4 Client Profile (KB2162169)
    Update for Microsoft .NET Framework 4 Extended (KB2162169)
    Visual Studio 2010 Tools for SQL Server Compact 3.5 SP2 ENU
    VLC media player 1.1.4
    WebFldrs XP
    Windows Genuine Advantage Validation Tool (KB892130)
    Windows Installer Clean Up
    Windows Internet Explorer 7
    Windows Internet Explorer 8
    Windows XP Service Pack 3
    winLAME 2009 beta 2
    WinPcap 4.0.2
    Wireshark 1.1.3
    XML Paper Specification Shared Components Language Pack 1.0
    Xvid 1.1.3 final uninstall</pre>

(It's a HP compaq nx9005 laptop with additional RAM.)

If you need more information or there is anything I can do let me know.
The Steam minidump process doesn't work for some reason, I don't know why, no minidumps are created.
